Vivado Simulator v2023.2
Copyright 1986-2022 Xilinx, Inc. All Rights Reserved.
Copyright 2022-2023 Advanced Micro Devices, Inc. All Rights Reserved.
Running: /tools/Xilinx/Vivado/2023.2/bin/unwrapped/lnx64.o/xelab --incr --debug typical --relax --mt 8 -L xil_defaultlib -L unisims_ver -L unimacro_ver -L secureip --snapshot pipeline_top_tb_behav xil_defaultlib.pipeline_top_tb xil_defaultlib.glbl -log elaborate.log 
Using 8 slave threads.
Starting static elaboration
Pass Through NonSizing Optimizer
Completed static elaboration
Starting simulation data flow analysis
Completed simulation data flow analysis
Time Resolution for simulation is 1ps
Compiling module xil_defaultlib.mux
Compiling module xil_defaultlib.pc_module
Compiling module xil_defaultlib.instruction_memory
Compiling module xil_defaultlib.pc_adder
Compiling module xil_defaultlib.fetch_cycle
Compiling module xil_defaultlib.main_decoder
Compiling module xil_defaultlib.alu_decoder
Compiling module xil_defaultlib.control_unit_top
Compiling module xil_defaultlib.register_file
Compiling module xil_defaultlib.sign_extend
Compiling module xil_defaultlib.decode_cycle
Compiling module xil_defaultlib.mux_3_by_1_1
Compiling module xil_defaultlib.mux1
Compiling module xil_defaultlib.alu
Compiling module xil_defaultlib.pc_adder1
Compiling module xil_defaultlib.execute_cycle
Compiling module xil_defaultlib.data_memory
Compiling module xil_defaultlib.memory_cycle
Compiling module xil_defaultlib.mux_3_by_1
Compiling module xil_defaultlib.writeback_cycle
Compiling module xil_defaultlib.hazard_unit
Compiling module xil_defaultlib.pipeline_top
Compiling module xil_defaultlib.pipeline_top_tb
Compiling module xil_defaultlib.glbl
Built simulation snapshot pipeline_top_tb_behav
